Unity Editor version:    2021.3.8f1 (b30333d56e81)
Branch:                  2021.3/staging
Build type:              Release
Batch mode:              YES
macOS version:           Version 12.5.1 (Build 21G83)
Darwin version:          21.6.0
Architecture:            arm64
Running under Rosetta:   NO
Available memory:        8192 MB
Using pre-set license
Pro License: YES

COMMAND LINE ARGUMENTS:
/Applications/Unity/2021.3.8f1/Unity.app/Contents/MacOS/Unity
-adb2
-batchMode
-noUpm
-name
AssetImportWorker0
-projectPath
/Users/fabianraith/Projekte/GitHub/ObjectDetectionAR/ObjectDetection/Akademie_Apple
-logFile
Logs/AssetImportWorker0.log
-srvPort
61776
Successfully changed project path to: /Users/fabianraith/Projekte/GitHub/ObjectDetectionAR/ObjectDetection/Akademie_Apple
/Users/fabianraith/Projekte/GitHub/ObjectDetectionAR/ObjectDetection/Akademie_Apple
[UnityMemory] Configuration Parameters - Can be set up in boot.config
    "memorysetup-bucket-allocator-granularity=16"
    "memorysetup-bucket-allocator-bucket-count=8"
    "memorysetup-bucket-allocator-block-size=33554432"
    "memorysetup-bucket-allocator-block-count=8"
    "memorysetup-main-allocator-block-size=16777216"
    "memorysetup-thread-allocator-block-size=16777216"
    "memorysetup-gfx-main-allocator-block-size=16777216"
    "memorysetup-gfx-thread-allocator-block-size=16777216"
    "memorysetup-cache-allocator-block-size=4194304"
    "memorysetup-typetree-allocator-block-size=2097152"
    "memorysetup-profiler-bucket-allocator-granularity=16"
    "memorysetup-profiler-bucket-allocator-bucket-count=8"
    "memorysetup-profiler-bucket-allocator-block-size=33554432"
    "memorysetup-profiler-bucket-allocator-block-count=8"
    "memorysetup-profiler-allocator-block-size=16777216"
    "memorysetup-profiler-editor-allocator-block-size=1048576"
    "memorysetup-temp-allocator-size-main=16777216"
    "memorysetup-job-temp-allocator-block-size=2097152"
    "memorysetup-job-temp-allocator-block-size-background=1048576"
    "memorysetup-job-temp-allocator-reduction-small-platforms=262144"
    "memorysetup-temp-allocator-size-background-worker=32768"
    "memorysetup-temp-allocator-size-job-worker=262144"
    "memorysetup-temp-allocator-size-preload-manager=33554432"
    "memorysetup-temp-allocator-size-nav-mesh-worker=65536"
    "memorysetup-temp-allocator-size-audio-worker=65536"
    "memorysetup-temp-allocator-size-cloud-worker=32768"
    "memorysetup-temp-allocator-size-gi-baking-worker=262144"
    "memorysetup-temp-allocator-size-gfx=262144"
Refreshing native plugins compatible for Editor in 86.17 ms, found 2 plugins.
Preloading 0 native plugins for Editor in 0.00 ms.
Initialize engine version: 2021.3.8f1 (b30333d56e81)
[Subsystems] Discovering subsystems at path /Applications/Unity/2021.3.8f1/Unity.app/Contents/Resources/UnitySubsystems
[Subsystems] Discovering subsystems at path /Users/fabianraith/Projekte/GitHub/ObjectDetectionAR/ObjectDetection/Akademie_Apple/Assets
GfxDevice: creating device client; threaded=0; jobified=0
 preferred device: Apple M1 (high power)
Metal devices available: 1
0: Apple M1 (high power)
Using device Apple M1 (high power)
Initializing Metal device caps: Apple M1
Initialize mono
Mono path[0] = '/Applications/Unity/2021.3.8f1/Unity.app/Contents/Managed'
Mono path[1] = '/Applications/Unity/2021.3.8f1/Unity.app/Contents/MonoBleedingEdge/lib/mono/unityjit-macos'
Mono config path = '/Applications/Unity/2021.3.8f1/Unity.app/Contents/MonoBleedingEdge/etc'
Using monoOptions --debugger-agent=transport=dt_socket,embedding=1,server=y,suspend=n,address=127.0.0.1:56318
Begin MonoManager ReloadAssembly
Registering precompiled unity dll's ...
Register platform support module: /Applications/Unity/2021.3.8f1/PlaybackEngines/WebGLSupport/UnityEditor.WebGL.Extensions.dll
Register platform support module: /Applications/Unity/2021.3.8f1/Unity.app/Contents/PlaybackEngines/MacStandaloneSupport/UnityEditor.OSXStandalone.Extensions.dll
Register platform support module: /Applications/Unity/2021.3.8f1/PlaybackEngines/AndroidPlayer/UnityEditor.Android.Extensions.dll
Register platform support module: /Applications/Unity/2021.3.8f1/PlaybackEngines/iOSSupport/UnityEditor.iOS.Extensions.dll
Register platform support module: /Applications/Unity/2021.3.8f1/PlaybackEngines/WindowsStandaloneSupport/UnityEditor.WindowsStandalone.Extensions.dll
Registered in 0.001724 seconds.
Native extension for WindowsStandalone target not found
[usbmuxd] Start listen thread
[usbmuxd] Listen thread started
[usbmuxd] Send listen message
Native extension for iOS target not found
Native extension for Android target not found
Native extension for OSXStandalone target not found
Native extension for WebGL target not found
Refreshing native plugins compatible for Editor in 79.85 ms, found 2 plugins.
Preloading 0 native plugins for Editor in 0.00 ms.
Mono: successfully reloaded assembly
- Completed reload, in  0.418 seconds
Domain Reload Profiling:
	ReloadAssembly (418ms)
		BeginReloadAssembly (53ms)
			ExecutionOrderSort (0ms)
			DisableScriptedObjects (0ms)
			BackupInstance (0ms)
			ReleaseScriptingObjects (0ms)
			CreateAndSetChildDomain (0ms)
		EndReloadAssembly (304ms)
			LoadAssemblies (55ms)
			RebuildTransferFunctionScriptingTraits (0ms)
			SetupTypeCache (66ms)
			ReleaseScriptCaches (0ms)
			RebuildScriptCaches (17ms)
			SetupLoadedEditorAssemblies (195ms)
				LogAssemblyErrors (0ms)
				InitializePlatformSupportModulesInManaged (50ms)
				SetLoadedEditorAssemblies (0ms)
				RefreshPlugins (80ms)
				BeforeProcessingInitializeOnLoad (1ms)
				ProcessInitializeOnLoadAttributes (43ms)
				ProcessInitializeOnLoadMethodAttributes (21ms)
				AfterProcessingInitializeOnLoad (0ms)
				EditorAssembliesLoaded (0ms)
			ExecutionOrderSort2 (0ms)
			AwakeInstancesAfterBackupRestoration (0ms)
Platform modules already initialized, skipping
Registering precompiled user dll's ...
Registered in 0.005799 seconds.
Begin MonoManager ReloadAssembly
Symbol file LoadedFromMemory doesn't match image /Users/fabianraith/Projekte/GitHub/ObjectDetectionAR/ObjectDetection/Akademie_Apple/Library/PackageCache/com.unity.visualscripting@1.7.8/Editor/VisualScripting.Core/Dependencies/DotNetZip/Unity.VisualScripting.IonicZip.dll
Symbol file LoadedFromMemory doesn't match image /Users/fabianraith/Projekte/GitHub/ObjectDetectionAR/ObjectDetection/Akademie_Apple/Library/PackageCache/com.unity.visualscripting@1.7.8/Editor/VisualScripting.Core/Dependencies/YamlDotNet/Unity.VisualScripting.YamlDotNet.dll
Native extension for WindowsStandalone target not found
Native extension for iOS target not found
Native extension for Android target not found
Native extension for OSXStandalone target not found
Native extension for WebGL target not found
Refreshing native plugins compatible for Editor in 84.62 ms, found 2 plugins.
Preloading 0 native plugins for Editor in 0.00 ms.
Package Manager log level set to [2]
Mono: successfully reloaded assembly
- Completed reload, in  0.955 seconds
Domain Reload Profiling:
	ReloadAssembly (956ms)
		BeginReloadAssembly (178ms)
			ExecutionOrderSort (0ms)
			DisableScriptedObjects (3ms)
			BackupInstance (0ms)
			ReleaseScriptingObjects (0ms)
			CreateAndSetChildDomain (115ms)
		EndReloadAssembly (710ms)
			LoadAssemblies (85ms)
			RebuildTransferFunctionScriptingTraits (0ms)
			SetupTypeCache (197ms)
			ReleaseScriptCaches (2ms)
			RebuildScriptCaches (41ms)
			SetupLoadedEditorAssemblies (374ms)
				LogAssemblyErrors (0ms)
				InitializePlatformSupportModulesInManaged (15ms)
				SetLoadedEditorAssemblies (0ms)
				RefreshPlugins (85ms)
				BeforeProcessingInitializeOnLoad (73ms)
				ProcessInitializeOnLoadAttributes (183ms)
				ProcessInitializeOnLoadMethodAttributes (16ms)
				AfterProcessingInitializeOnLoad (1ms)
				EditorAssembliesLoaded (0ms)
			ExecutionOrderSort2 (0ms)
			AwakeInstancesAfterBackupRestoration (2ms)
Platform modules already initialized, skipping
========================================================================
Worker process is ready to serve import requests
Launching external process: /Applications/Unity/2021.3.8f1/Unity.app/Contents/Tools/UnityShaderCompiler
Launched and connected shader compiler UnityShaderCompiler after 0.23 seconds
Refreshing native plugins compatible for Editor in 0.59 ms, found 2 plugins.
Preloading 0 native plugins for Editor in 0.00 ms.
Unloading 4722 Unused Serialized files (Serialized files now loaded: 0)
Unloading 56 unused Assets / (60.7 KB). Loaded Objects now: 5167.
Memory consumption went from 295.0 MB to 294.9 MB.
Total: 2.947375 ms (FindLiveObjects: 0.185625 ms CreateObjectMapping: 0.066917 ms MarkObjects: 2.596375 ms  DeleteObjects: 0.097709 ms)

AssetImportParameters requested are different than current active one (requested -> active):
  custom:video-decoder-ogg-theora: a1e56fd34408186e4bbccfd4996cb3dc -> 
  custom:container-muxer-webm: aa71ff27fc2769a1b78a27578f13a17b -> 
  custom:container-demuxer-webm: 4f35f7cbe854078d1ac9338744f61a02 -> 
  custom:video-encoder-webm-vp8: eb34c28f22e8b96e1ab97ce403110664 -> 
  custom:framework-osx-AVFoundation: e770b220cccbd017edd2c1fefb359320 -> 
  custom:audio-encoder-webm-vorbis: bf7c407c2cedff20999df2af8eb42d56 -> 
  custom:container-demuxer-ogg: 62fdf1f143b41e24485cea50d1cbac27 -> 
  custom:video-decoder-webm-vp8: 9c59270c3fd7afecdb556c50c9e8de78 -> 
  custom:audio-decoder-ogg-vorbis: bf7c407c2cedff20999df2af8eb42d56 -> 
========================================================================
Received Import Request.
  Time since last request: 313312.132643 seconds.
  path: Assets/arfoundation-samples-4.2/Assets/Scripts/Multipeer/Unity.XR.Samples.Multipeer.asmdef
  artifactKey: Guid(999681c7ffab0480997e5c0752c60948) Importer(815301076,1909f56bfc062723c751e8b465ee728b)
Start importing Assets/arfoundation-samples-4.2/Assets/Scripts/Multipeer/Unity.XR.Samples.Multipeer.asmdef using Guid(999681c7ffab0480997e5c0752c60948) Importer(815301076,1909f56bfc062723c751e8b465ee728b)  -> (artifact id: '5c7b793821eb18acab2a54130d98aed2') in 0.499840 seconds 
========================================================================
Received Import Request.
  Time since last request: 20.407246 seconds.
  path: Assets/arfoundation-samples-4.2/Assets/Scenes/ImageTracking/ImageTrackingWithMultiplePrefabs/ImageTrackingWithMultiplePrefabs 1.scenetemplate
  artifactKey: Guid(ecfeb3ab91f3d410fbff3c25c7369184) Importer(815301076,1909f56bfc062723c751e8b465ee728b)
Start importing Assets/arfoundation-samples-4.2/Assets/Scenes/ImageTracking/ImageTrackingWithMultiplePrefabs/ImageTrackingWithMultiplePrefabs 1.scenetemplate using Guid(ecfeb3ab91f3d410fbff3c25c7369184) Importer(815301076,1909f56bfc062723c751e8b465ee728b)  -> (artifact id: '230ee09709363bffb62ea398ec61cbbc') in 0.360670 seconds 
========================================================================
Received Import Request.
  Time since last request: 358.530762 seconds.
  path: Packages/com.unity.xr.arfoundation/Runtime/AR/ARTrackedImage.cs
  artifactKey: Guid(9d3db31bbb5403849881c1de3f2f5d59) Importer(815301076,1909f56bfc062723c751e8b465ee728b)
Start importing Packages/com.unity.xr.arfoundation/Runtime/AR/ARTrackedImage.cs using Guid(9d3db31bbb5403849881c1de3f2f5d59) Importer(815301076,1909f56bfc062723c751e8b465ee728b)  -> (artifact id: '8148dda5a69c754dbfc6a12b484dd1c7') in 0.322422 seconds 
========================================================================
Received Import Request.
  Time since last request: 0.424928 seconds.
  path: Packages/com.unity.xr.arfoundation/Runtime/AR/ARTrackedImageManager.cs
  artifactKey: Guid(4dea56a9eaadd1c439095de4f9a371cb) Importer(815301076,1909f56bfc062723c751e8b465ee728b)
Start importing Packages/com.unity.xr.arfoundation/Runtime/AR/ARTrackedImageManager.cs using Guid(4dea56a9eaadd1c439095de4f9a371cb) Importer(815301076,1909f56bfc062723c751e8b465ee728b)  -> (artifact id: '2feb44d19935137829fcfb08aedc7f96') in 0.001769 seconds 
========================================================================
Received Import Request.
  Time since last request: 0.470231 seconds.
  path: Packages/com.unity.xr.arfoundation/Runtime/AR/ARTrackedImagesChangedEventArgs.cs
  artifactKey: Guid(6e92bfd272562a5458a6e7ead8305e2f) Importer(815301076,1909f56bfc062723c751e8b465ee728b)
Start importing Packages/com.unity.xr.arfoundation/Runtime/AR/ARTrackedImagesChangedEventArgs.cs using Guid(6e92bfd272562a5458a6e7ead8305e2f) Importer(815301076,1909f56bfc062723c751e8b465ee728b)  -> (artifact id: '978e398d5de21657a2eb59f03d98a105') in 0.001758 seconds 
========================================================================
Received Import Request.
  Time since last request: 0.415434 seconds.
  path: Packages/com.unity.xr.arfoundation/Runtime/AR/ARTrackedObject.cs
  artifactKey: Guid(ca7a743d8ad68490a8a022b9cc7a183f) Importer(815301076,1909f56bfc062723c751e8b465ee728b)
Start importing Packages/com.unity.xr.arfoundation/Runtime/AR/ARTrackedObject.cs using Guid(ca7a743d8ad68490a8a022b9cc7a183f) Importer(815301076,1909f56bfc062723c751e8b465ee728b)  -> (artifact id: '5406f65933c8d994966c1ef696e0d622') in 0.001292 seconds 
========================================================================
Received Import Request.
  Time since last request: 0.528074 seconds.
  path: Packages/com.unity.xr.arfoundation/Runtime/AR/ARTrackedObjectManager.cs
  artifactKey: Guid(5f07ca66ce5514fb7a26ab1e51e9bfec) Importer(815301076,1909f56bfc062723c751e8b465ee728b)
Start importing Packages/com.unity.xr.arfoundation/Runtime/AR/ARTrackedObjectManager.cs using Guid(5f07ca66ce5514fb7a26ab1e51e9bfec) Importer(815301076,1909f56bfc062723c751e8b465ee728b)  -> (artifact id: 'dbc9b21280e3891f4819863dc24f7014') in 0.001651 seconds 
[usbmuxd] Attached: 1497 00008101-000A18A93A44001E
[usbmuxd] Detached: 1497 00008101-000A18A93A44001E
